[[36m12-11 07:08:13[0m][[34mdora.distrib[0m][[32mINFO[0m] - world_size is 1, skipping init.[0m
[[36m12-11 07:08:13[0m][[34mflashy.solver[0m][[32mINFO[0m] - Instantiating solver MusicGenSolver for XP f151ffd2[0m
[[36m12-11 07:08:13[0m][[34mflashy.solver[0m][[32mINFO[0m] - All XP logs are stored in /tmp/audiocraft_michaelxue/xps/f151ffd2[0m
[[36m12-11 07:08:13[0m][[34maudiocraft.solvers.builders[0m][[32mINFO[0m] - Loading audio data split train: /home/michaelxue/audiocraft/egs/currents[0m
[[36m12-11 07:08:13[0m][[34maudiocraft.solvers.builders[0m][[32mINFO[0m] - Loading audio data split valid: /home/michaelxue/audiocraft/egs/currents[0m
[[36m12-11 07:08:13[0m][[34maudiocraft.solvers.builders[0m][[32mINFO[0m] - Loading audio data split evaluate: /home/michaelxue/audiocraft/egs/currents[0m
[[36m12-11 07:08:13[0m][[34maudiocraft.solvers.builders[0m][[32mINFO[0m] - Loading audio data split generate: /home/michaelxue/audiocraft/egs/currents[0m
[[36m12-11 07:08:13[0m][[34mroot[0m][[32mINFO[0m] - Getting pretrained compression model from HF facebook/encodec_32khz[0m
[[36m12-11 07:08:16[0m][[34mflashy.solver[0m][[32mINFO[0m] - Compression model has 4 codebooks with 2048 cardinality, and a framerate of 50[0m
[[36m12-11 07:08:16[0m][[34maudiocraft.modules.conditioners[0m][[32mINFO[0m] - T5 will be evaluated with autocast as float32[0m
[[36m12-11 07:08:19[0m][[34maudiocraft.optim.dadam[0m][[32mINFO[0m] - Using decoupled weight decay[0m
[[36m12-11 07:08:22[0m][[34mflashy.solver[0m][[32mINFO[0m] - Model hash: 0b086fe365b95bc080220004df2ec9c051474a14[0m
[[36m12-11 07:08:23[0m][[34mflashy.solver[0m][[32mINFO[0m] - Initializing EMA on the model with decay = 0.99 every 10 updates[0m
[[36m12-11 07:08:23[0m][[34mflashy.solver[0m][[32mINFO[0m] - Model size: 5.93 M params[0m
[[36m12-11 07:08:23[0m][[34mflashy.solver[0m][[32mINFO[0m] - Base memory usage, with model, grad and optim: 0.09 GB[0m
[[36m12-11 07:08:23[0m][[34mflashy.solver[0m][[32mINFO[0m] - Restoring weights and history.[0m
[[36m12-11 07:08:23[0m][[34mflashy.solver[0m][[32mINFO[0m] - Continuing from provided checkpoint: /home/michaelxue/audiocraft/checkpoints/lora_lm_4.th[0m
[[36m12-11 07:08:23[0m][[34maudiocraft.utils.checkpoint[0m][[32mINFO[0m] - Checkpoint loaded from /home/michaelxue/audiocraft/checkpoints/lora_lm_4.th[0m
[[36m12-11 07:08:23[0m][[34mflashy.solver[0m][[32mINFO[0m] - Checkpoint source is not the current xp: Load state_dict from best state.[0m
[[36m12-11 07:08:23[0m][[34mflashy.solver[0m][[32mINFO[0m] - Ignoring keys when loading best [][0m
[[36m12-11 07:08:24[0m][[34mflashy.solver[0m][[32mINFO[0m] - Loading state_dict from best state.[0m
[[36m12-11 07:08:25[0m][[34mflashy.solver[0m][[32mINFO[0m] - Re-initializing EMA from best state[0m
[[36m12-11 07:08:25[0m][[34mflashy.solver[0m][[32mINFO[0m] - Initializing EMA on the model with decay = 0.99 every 10 updates[0m
[[36m12-11 07:08:28[0m][[34mflashy.solver[0m][[32mINFO[0m] - Model hash: f22d73248bdf034fd69e57571afc6afa57e0298d[0m
[[36m12-11 07:08:45[0m][[34maudiocraft.modules.codebooks_patterns[0m][[32mINFO[0m] - New pattern, time steps: 1500, sequence steps: 1504[0m
[[36m12-11 07:08:47[0m][[34mflashy.solver[0m][[32mINFO[0m] - Train | Epoch 1 | 1/15 | 0.11 it/sec | lr 1.25E-04 | grad_norm 7.108E-01 | grad_scale 65536.000 | ce 4.244 | ppl 70.674[0m
[[36m12-11 07:08:48[0m][[34mflashy.solver[0m][[32mINFO[0m] - Train | Epoch 1 | 2/15 | 0.15 it/sec | lr 5.00E-04 | grad_norm 6.826E-01 | grad_scale 65536.000 | ce 4.439 | ppl 84.694[0m
[[36m12-11 07:08:49[0m][[34mflashy.solver[0m][[32mINFO[0m] - Train | Epoch 1 | 3/15 | 0.19 it/sec | lr 7.50E-04 | grad_norm 6.871E-01 | grad_scale 65536.000 | ce 4.343 | ppl 76.907[0m
[[36m12-11 07:08:50[0m][[34mflashy.solver[0m][[32mINFO[0m] - Train | Epoch 1 | 4/15 | 0.23 it/sec | lr 1.00E-03 | grad_norm 6.640E-01 | grad_scale 65536.000 | ce 4.627 | ppl 102.246[0m
[[36m12-11 07:08:51[0m][[34mflashy.solver[0m][[32mINFO[0m] - Train | Epoch 1 | 5/15 | 0.26 it/sec | lr 1.25E-03 | grad_norm 6.878E-01 | grad_scale 65536.000 | ce 4.491 | ppl 89.193[0m
[[36m12-11 07:08:52[0m][[34mflashy.solver[0m][[32mINFO[0m] - Train | Epoch 1 | 6/15 | 0.29 it/sec | lr 1.50E-03 | grad_norm 6.498E-01 | grad_scale 65536.000 | ce 4.293 | ppl 73.175[0m
[[36m12-11 07:08:53[0m][[34mflashy.solver[0m][[32mINFO[0m] - Train | Epoch 1 | 7/15 | 0.32 it/sec | lr 1.75E-03 | grad_norm 6.948E-01 | grad_scale 65536.000 | ce 4.473 | ppl 87.576[0m
[[36m12-11 07:08:54[0m][[34mflashy.solver[0m][[32mINFO[0m] - Train | Epoch 1 | 8/15 | 0.34 it/sec | lr 2.00E-03 | grad_norm 7.486E-01 | grad_scale 65536.000 | ce 4.506 | ppl 90.602[0m
[[36m12-11 07:08:56[0m][[34mflashy.solver[0m][[32mINFO[0m] - Train | Epoch 1 | 9/15 | 0.36 it/sec | lr 2.25E-03 | grad_norm 6.286E-01 | grad_scale 65536.000 | ce 4.545 | ppl 94.192[0m
[[36m12-11 07:08:57[0m][[34mflashy.solver[0m][[32mINFO[0m] - Train | Epoch 1 | 10/15 | 0.38 it/sec | lr 2.50E-03 | grad_norm 7.057E-01 | grad_scale 65536.000 | ce 4.173 | ppl 64.898[0m
[[36m12-11 07:08:58[0m][[34mflashy.solver[0m][[32mINFO[0m] - Train | Epoch 1 | 11/15 | 0.40 it/sec | lr 2.75E-03 | grad_norm 8.113E-01 | grad_scale 65536.000 | ce 4.301 | ppl 73.747[0m
[[36m12-11 07:08:59[0m][[34mflashy.solver[0m][[32mINFO[0m] - Train | Epoch 1 | 12/15 | 0.42 it/sec | lr 3.00E-03 | grad_norm 6.616E-01 | grad_scale 65536.000 | ce 4.311 | ppl 74.525[0m
[[36m12-11 07:09:00[0m][[34mflashy.solver[0m][[32mINFO[0m] - Train | Epoch 1 | 13/15 | 0.44 it/sec | lr 3.25E-03 | grad_norm 7.042E-01 | grad_scale 65536.000 | ce 4.292 | ppl 73.135[0m
[[36m12-11 07:09:01[0m][[34mflashy.solver[0m][[32mINFO[0m] - Train | Epoch 1 | 14/15 | 0.45 it/sec | lr 3.50E-03 | grad_norm 6.587E-01 | grad_scale 65536.000 | ce 4.629 | ppl 102.433[0m
[[36m12-11 07:09:03[0m][[34mflashy.solver[0m][[32mINFO[0m] - [1mTrain Summary | Epoch 1 | lr=1.75E-03 | grad_norm=6.938E-01 | grad_scale=65536.000 | ce=4.394 | ppl=81.911 | duration=34.558[0m
[[36m12-11 07:09:17[0m][[34mflashy.solver[0m][[32mINFO[0m] - Valid | Epoch 1 | 1/3 | 0.15 it/sec | ce 4.461 | ppl 88.091[0m
[[36m12-11 07:09:17[0m][[34mflashy.solver[0m][[32mINFO[0m] - Valid | Epoch 1 | 2/3 | 0.22 it/sec | ce 3.892 | ppl 49.023[0m
[[36m12-11 07:09:17[0m][[34mflashy.solver[0m][[32mINFO[0m] - [1mValid Summary | Epoch 1 | ce=4.272 | ppl=75.068 | duration=14.293[0m
[[36m12-11 07:09:17[0m][[34mflashy.solver[0m][[32mINFO[0m] - New best state with ce=4.272 (was inf)[0m
[[36m12-11 07:09:23[0m][[34mflashy.solver[0m][[32mINFO[0m] - Model hash: d5ffc5992ae82169e1030e8cd57d9376e9254d0f[0m
[[36m12-11 07:09:30[0m][[34maudiocraft.utils.checkpoint[0m][[32mINFO[0m] - Checkpoint saved to /tmp/audiocraft_michaelxue/xps/f151ffd2/checkpoint.th[0m
[[36m12-11 07:09:46[0m][[34mflashy.solver[0m][[32mINFO[0m] - Train | Epoch 2 | 1/15 | 0.12 it/sec | lr 3.87E-03 | grad_norm 6.492E-01 | grad_scale 65536.000 | ce 4.592 | ppl 99.132[0m
[[36m12-11 07:09:47[0m][[34mflashy.solver[0m][[32mINFO[0m] - Train | Epoch 2 | 2/15 | 0.17 it/sec | lr 4.25E-03 | grad_norm 7.010E-01 | grad_scale 65536.000 | ce 3.815 | ppl 45.370[0m
[[36m12-11 07:09:48[0m][[34mflashy.solver[0m][[32mINFO[0m] - Train | Epoch 2 | 3/15 | 0.22 it/sec | lr 4.50E-03 | grad_norm 1.218E+00 | grad_scale 65536.000 | ce 4.362 | ppl 78.394[0m
[[36m12-11 07:09:49[0m][[34mflashy.solver[0m][[32mINFO[0m] - Train | Epoch 2 | 4/15 | 0.26 it/sec | lr 4.75E-03 | grad_norm 7.152E-01 | grad_scale 65536.000 | ce 4.312 | ppl 74.581[0m
[[36m12-11 07:09:51[0m][[34mflashy.solver[0m][[32mINFO[0m] - Train | Epoch 2 | 5/15 | 0.29 it/sec | lr 5.00E-03 | grad_norm 6.774E-01 | grad_scale 65536.000 | ce 4.571 | ppl 96.667[0m
[[36m12-11 07:09:52[0m][[34mflashy.solver[0m][[32mINFO[0m] - Train | Epoch 2 | 6/15 | 0.32 it/sec | lr 5.25E-03 | grad_norm 8.151E-01 | grad_scale 65536.000 | ce 4.082 | ppl 59.268[0m
[[36m12-11 07:09:53[0m][[34mflashy.solver[0m][[32mINFO[0m] - Train | Epoch 2 | 7/15 | 0.35 it/sec | lr 5.50E-03 | grad_norm 7.204E-01 | grad_scale 65536.000 | ce 4.267 | ppl 71.333[0m
[[36m12-11 07:09:54[0m][[34mflashy.solver[0m][[32mINFO[0m] - Train | Epoch 2 | 8/15 | 0.38 it/sec | lr 5.75E-03 | grad_norm 6.614E-01 | grad_scale 65536.000 | ce 4.459 | ppl 86.404[0m
[[36m12-11 07:09:55[0m][[34mflashy.solver[0m][[32mINFO[0m] - Train | Epoch 2 | 9/15 | 0.39 it/sec | lr 6.00E-03 | grad_norm 7.497E-01 | grad_scale 65536.000 | ce 4.179 | ppl 65.285[0m
[[36m12-11 07:09:56[0m][[34mflashy.solver[0m][[32mINFO[0m] - Train | Epoch 2 | 10/15 | 0.42 it/sec | lr 6.25E-03 | grad_norm 6.523E-01 | grad_scale 65536.000 | ce 4.676 | ppl 107.314[0m
[[36m12-11 07:09:58[0m][[34mflashy.solver[0m][[32mINFO[0m] - Train | Epoch 2 | 11/15 | 0.44 it/sec | lr 6.50E-03 | grad_norm 7.487E-01 | grad_scale 65536.000 | ce 4.242 | ppl 69.556[0m
[[36m12-11 07:09:59[0m][[34mflashy.solver[0m][[32mINFO[0m] - Train | Epoch 2 | 12/15 | 0.45 it/sec | lr 6.75E-03 | grad_norm 6.987E-01 | grad_scale 65536.000 | ce 4.521 | ppl 91.922[0m
[[36m12-11 07:10:00[0m][[34mflashy.solver[0m][[32mINFO[0m] - Train | Epoch 2 | 13/15 | 0.47 it/sec | lr 7.00E-03 | grad_norm 6.183E-01 | grad_scale 65536.000 | ce 4.807 | ppl 122.345[0m
[[36m12-11 07:10:01[0m][[34mflashy.solver[0m][[32mINFO[0m] - Train | Epoch 2 | 14/15 | 0.49 it/sec | lr 7.25E-03 | grad_norm 7.025E-01 | grad_scale 65536.000 | ce 4.213 | ppl 67.584[0m
[[36m12-11 07:10:02[0m][[34mflashy.solver[0m][[32mINFO[0m] - [1mTrain Summary | Epoch 2 | lr=5.50E-03 | grad_norm=7.318E-01 | grad_scale=65536.000 | ce=4.379 | ppl=82.286 | duration=32.363[0m
[[36m12-11 07:10:16[0m][[34mflashy.solver[0m][[32mINFO[0m] - Valid | Epoch 2 | 1/3 | 0.15 it/sec | ce 4.461 | ppl 88.091[0m
[[36m12-11 07:10:16[0m][[34mflashy.solver[0m][[32mINFO[0m] - Valid | Epoch 2 | 2/3 | 0.22 it/sec | ce 3.892 | ppl 49.023[0m
[[36m12-11 07:10:16[0m][[34mflashy.solver[0m][[32mINFO[0m] - [1mValid Summary | Epoch 2 | ce=4.272 | ppl=75.068 | duration=13.842[0m
[[36m12-11 07:10:16[0m][[34mflashy.solver[0m][[32mINFO[0m] - New best state with ce=4.272 (was 4.272)[0m
[[36m12-11 07:10:22[0m][[34mflashy.solver[0m][[32mINFO[0m] - Model hash: d9eea75302d9fa88ed6c7dee443ddbf4cd0ff3ce[0m
[[36m12-11 07:10:49[0m][[34maudiocraft.utils.checkpoint[0m][[32mINFO[0m] - Checkpoint saved to /tmp/audiocraft_michaelxue/xps/f151ffd2/checkpoint.th[0m
[[36m12-11 07:11:06[0m][[34mflashy.solver[0m][[32mINFO[0m] - Train | Epoch 3 | 1/15 | 0.12 it/sec | lr 7.62E-03 | grad_norm 7.390E-01 | grad_scale 65536.000 | ce 4.452 | ppl 89.065[0m
[[36m12-11 07:11:07[0m][[34mflashy.solver[0m][[32mINFO[0m] - Train | Epoch 3 | 2/15 | 0.17 it/sec | lr 8.00E-03 | grad_norm 7.092E-01 | grad_scale 65536.000 | ce 4.633 | ppl 102.773[0m
[[36m12-11 07:11:08[0m][[34mflashy.solver[0m][[32mINFO[0m] - Train | Epoch 3 | 3/15 | 0.22 it/sec | lr 8.25E-03 | grad_norm 7.009E-01 | grad_scale 65536.000 | ce 4.263 | ppl 71.038[0m
[[36m12-11 07:11:09[0m][[34mflashy.solver[0m][[32mINFO[0m] - Train | Epoch 3 | 4/15 | 0.26 it/sec | lr 8.50E-03 | grad_norm 7.194E-01 | grad_scale 65536.000 | ce 4.343 | ppl 76.974[0m
[[36m12-11 07:11:10[0m][[34mflashy.solver[0m][[32mINFO[0m] - Train | Epoch 3 | 5/15 | 0.29 it/sec | lr 8.75E-03 | grad_norm 7.022E-01 | grad_scale 65536.000 | ce 4.024 | ppl 55.931[0m
[[36m12-11 07:11:11[0m][[34mflashy.solver[0m][[32mINFO[0m] - Train | Epoch 3 | 6/15 | 0.32 it/sec | lr 9.00E-03 | grad_norm 7.592E-01 | grad_scale 65536.000 | ce 4.405 | ppl 81.878[0m
[[36m12-11 07:11:12[0m][[34mflashy.solver[0m][[32mINFO[0m] - Train | Epoch 3 | 7/15 | 0.35 it/sec | lr 9.25E-03 | grad_norm 6.774E-01 | grad_scale 65536.000 | ce 4.128 | ppl 62.072[0m
[[36m12-11 07:11:14[0m][[34mflashy.solver[0m][[32mINFO[0m] - Train | Epoch 3 | 8/15 | 0.38 it/sec | lr 9.50E-03 | grad_norm 6.917E-01 | grad_scale 65536.000 | ce 4.311 | ppl 74.514[0m
[[36m12-11 07:11:15[0m][[34mflashy.solver[0m][[32mINFO[0m] - Train | Epoch 3 | 9/15 | 0.39 it/sec | lr 9.75E-03 | grad_norm 6.858E-01 | grad_scale 65536.000 | ce 4.430 | ppl 83.895[0m
[[36m12-11 07:11:16[0m][[34mflashy.solver[0m][[32mINFO[0m] - Train | Epoch 3 | 10/15 | 0.42 it/sec | lr 1.00E-02 | grad_norm 7.089E-01 | grad_scale 65536.000 | ce 4.238 | ppl 69.267[0m
[[36m12-11 07:11:17[0m][[34mflashy.solver[0m][[32mINFO[0m] - Train | Epoch 3 | 11/15 | 0.44 it/sec | lr 1.03E-02 | grad_norm 7.550E-01 | grad_scale 65536.000 | ce 4.206 | ppl 67.057[0m
[[36m12-11 07:11:18[0m][[34mflashy.solver[0m][[32mINFO[0m] - Train | Epoch 3 | 12/15 | 0.45 it/sec | lr 1.05E-02 | grad_norm 6.650E-01 | grad_scale 65536.000 | ce 4.513 | ppl 91.176[0m
[[36m12-11 07:11:19[0m][[34mflashy.solver[0m][[32mINFO[0m] - Train | Epoch 3 | 13/15 | 0.47 it/sec | lr 1.07E-02 | grad_norm 6.735E-01 | grad_scale 65536.000 | ce 4.126 | ppl 61.944[0m
[[36m12-11 07:11:21[0m][[34mflashy.solver[0m][[32mINFO[0m] - Train | Epoch 3 | 14/15 | 0.48 it/sec | lr 1.10E-02 | grad_norm 7.173E-01 | grad_scale 65536.000 | ce 4.299 | ppl 73.662[0m
[[36m12-11 07:11:22[0m][[34mflashy.solver[0m][[32mINFO[0m] - [1mTrain Summary | Epoch 3 | lr=9.25E-03 | grad_norm=7.096E-01 | grad_scale=65536.000 | ce=4.322 | ppl=76.687 | duration=32.306[0m
[[36m12-11 07:11:35[0m][[34mflashy.solver[0m][[32mINFO[0m] - Valid | Epoch 3 | 1/3 | 0.15 it/sec | ce 4.461 | ppl 88.094[0m
[[36m12-11 07:11:35[0m][[34mflashy.solver[0m][[32mINFO[0m] - Valid | Epoch 3 | 2/3 | 0.23 it/sec | ce 3.892 | ppl 49.024[0m
[[36m12-11 07:11:36[0m][[34mflashy.solver[0m][[32mINFO[0m] - [1mValid Summary | Epoch 3 | ce=4.272 | ppl=75.071 | duration=13.496[0m
[[36m12-11 07:11:40[0m][[34mflashy.solver[0m][[32mINFO[0m] - Model hash: de57b267cd513d3a07fb4d2af7bddec4c371e29f[0m
[[36m12-11 07:12:08[0m][[34maudiocraft.utils.checkpoint[0m][[32mINFO[0m] - Checkpoint saved to /tmp/audiocraft_michaelxue/xps/f151ffd2/checkpoint.th[0m
[[36m12-11 07:12:24[0m][[34mflashy.solver[0m][[32mINFO[0m] - Train | Epoch 4 | 1/15 | 0.13 it/sec | lr 1.14E-02 | grad_norm 6.749E-01 | grad_scale 65536.000 | ce 4.447 | ppl 85.492[0m
[[36m12-11 07:12:25[0m][[34mflashy.solver[0m][[32mINFO[0m] - Train | Epoch 4 | 2/15 | 0.18 it/sec | lr 1.18E-02 | grad_norm 6.531E-01 | grad_scale 65536.000 | ce 4.734 | ppl 113.723[0m
[[36m12-11 07:12:26[0m][[34mflashy.solver[0m][[32mINFO[0m] - Train | Epoch 4 | 3/15 | 0.22 it/sec | lr 1.20E-02 | grad_norm 6.915E-01 | grad_scale 65536.000 | ce 4.286 | ppl 72.686[0m
[[36m12-11 07:12:27[0m][[34mflashy.solver[0m][[32mINFO[0m] - Train | Epoch 4 | 4/15 | 0.26 it/sec | lr 1.23E-02 | grad_norm 6.682E-01 | grad_scale 65536.000 | ce 4.423 | ppl 83.353[0m
[[36m12-11 07:12:28[0m][[34mflashy.solver[0m][[32mINFO[0m] - Train | Epoch 4 | 5/15 | 0.30 it/sec | lr 1.25E-02 | grad_norm 6.433E-01 | grad_scale 65536.000 | ce 4.575 | ppl 97.015[0m
[[36m12-11 07:12:29[0m][[34mflashy.solver[0m][[32mINFO[0m] - Train | Epoch 4 | 6/15 | 0.33 it/sec | lr 1.27E-02 | grad_norm 6.414E-01 | grad_scale 65536.000 | ce 4.695 | ppl 109.361[0m
[[36m12-11 07:12:31[0m][[34mflashy.solver[0m][[32mINFO[0m] - Train | Epoch 4 | 7/15 | 0.35 it/sec | lr 1.30E-02 | grad_norm 6.500E-01 | grad_scale 65536.000 | ce 4.526 | ppl 92.355[0m
[[36m12-11 07:12:32[0m][[34mflashy.solver[0m][[32mINFO[0m] - Train | Epoch 4 | 8/15 | 0.38 it/sec | lr 1.32E-02 | grad_norm 6.484E-01 | grad_scale 65536.000 | ce 4.665 | ppl 106.144[0m
[[36m12-11 07:12:33[0m][[34mflashy.solver[0m][[32mINFO[0m] - Train | Epoch 4 | 9/15 | 0.40 it/sec | lr 1.35E-02 | grad_norm 7.035E-01 | grad_scale 65536.000 | ce 4.153 | ppl 63.622[0m
[[36m12-11 07:12:34[0m][[34mflashy.solver[0m][[32mINFO[0m] - Train | Epoch 4 | 10/15 | 0.42 it/sec | lr 1.38E-02 | grad_norm 7.285E-01 | grad_scale 65536.000 | ce 4.147 | ppl 63.230[0m
[[36m12-11 07:12:35[0m][[34mflashy.solver[0m][[32mINFO[0m] - Train | Epoch 4 | 11/15 | 0.44 it/sec | lr 1.40E-02 | grad_norm 7.230E-01 | grad_scale 65536.000 | ce 4.031 | ppl 56.319[0m
[[36m12-11 07:12:37[0m][[34mflashy.solver[0m][[32mINFO[0m] - Train | Epoch 4 | 12/15 | 0.46 it/sec | lr 1.43E-02 | grad_norm 6.284E-01 | grad_scale 65536.000 | ce 4.267 | ppl 71.281[0m
[[36m12-11 07:12:38[0m][[34mflashy.solver[0m][[32mINFO[0m] - Train | Epoch 4 | 13/15 | 0.47 it/sec | lr 1.45E-02 | grad_norm 6.856E-01 | grad_scale 65536.000 | ce 4.331 | ppl 76.014[0m
[[36m12-11 07:12:39[0m][[34mflashy.solver[0m][[32mINFO[0m] - Train | Epoch 4 | 14/15 | 0.49 it/sec | lr 1.47E-02 | grad_norm 6.780E-01 | grad_scale 65536.000 | ce 4.324 | ppl 75.519[0m
[[36m12-11 07:12:40[0m][[34mflashy.solver[0m][[32mINFO[0m] - [1mTrain Summary | Epoch 4 | lr=1.30E-02 | grad_norm=6.729E-01 | grad_scale=65536.000 | ce=4.403 | ppl=83.440 | duration=32.167[0m
[[36m12-11 07:12:54[0m][[34mflashy.solver[0m][[32mINFO[0m] - Valid | Epoch 4 | 1/3 | 0.15 it/sec | ce 4.461 | ppl 88.094[0m
[[36m12-11 07:12:54[0m][[34mflashy.solver[0m][[32mINFO[0m] - Valid | Epoch 4 | 2/3 | 0.22 it/sec | ce 3.892 | ppl 49.021[0m
[[36m12-11 07:12:54[0m][[34mflashy.solver[0m][[32mINFO[0m] - [1mValid Summary | Epoch 4 | ce=4.272 | ppl=75.070 | duration=14.113[0m
[[36m12-11 07:12:59[0m][[34mflashy.solver[0m][[32mINFO[0m] - Model hash: b026b8ddf7b66f31f51fb34bcf7025778cf15007[0m
[[36m12-11 07:13:26[0m][[34maudiocraft.utils.checkpoint[0m][[32mINFO[0m] - Checkpoint saved to /tmp/audiocraft_michaelxue/xps/f151ffd2/checkpoint.th[0m
[[36m12-11 07:13:43[0m][[34mflashy.solver[0m][[32mINFO[0m] - Train | Epoch 5 | 1/15 | 0.12 it/sec | lr 1.51E-02 | grad_norm 7.037E-01 | grad_scale 65536.000 | ce 4.254 | ppl 70.489[0m
[[36m12-11 07:13:44[0m][[34mflashy.solver[0m][[32mINFO[0m] - Train | Epoch 5 | 2/15 | 0.17 it/sec | lr 1.55E-02 | grad_norm 6.037E-01 | grad_scale 65536.000 | ce 4.074 | ppl 58.812[0m
[[36m12-11 07:13:45[0m][[34mflashy.solver[0m][[32mINFO[0m] - Train | Epoch 5 | 3/15 | 0.22 it/sec | lr 1.58E-02 | grad_norm 6.894E-01 | grad_scale 65536.000 | ce 4.495 | ppl 89.532[0m
[[36m12-11 07:13:46[0m][[34mflashy.solver[0m][[32mINFO[0m] - Train | Epoch 5 | 4/15 | 0.25 it/sec | lr 1.60E-02 | grad_norm 7.076E-01 | grad_scale 65536.000 | ce 4.246 | ppl 69.825[0m
[[36m12-11 07:13:47[0m][[34mflashy.solver[0m][[32mINFO[0m] - Train | Epoch 5 | 5/15 | 0.29 it/sec | lr 1.63E-02 | grad_norm 6.155E-01 | grad_scale 65536.000 | ce 4.690 | ppl 108.837[0m
[[36m12-11 07:13:49[0m][[34mflashy.solver[0m][[32mINFO[0m] - Train | Epoch 5 | 6/15 | 0.32 it/sec | lr 1.65E-02 | grad_norm 6.787E-01 | grad_scale 65536.000 | ce 4.470 | ppl 87.389[0m
[[36m12-11 07:13:50[0m][[34mflashy.solver[0m][[32mINFO[0m] - Train | Epoch 5 | 7/15 | 0.35 it/sec | lr 1.68E-02 | grad_norm 6.430E-01 | grad_scale 65536.000 | ce 4.588 | ppl 98.261[0m
[[36m12-11 07:13:51[0m][[34mflashy.solver[0m][[32mINFO[0m] - Train | Epoch 5 | 8/15 | 0.37 it/sec | lr 1.70E-02 | grad_norm 6.881E-01 | grad_scale 65536.000 | ce 4.651 | ppl 104.665[0m
[[36m12-11 07:13:52[0m][[34mflashy.solver[0m][[32mINFO[0m] - Train | Epoch 5 | 9/15 | 0.39 it/sec | lr 1.73E-02 | grad_norm 6.814E-01 | grad_scale 65536.000 | ce 4.538 | ppl 93.550[0m
[[36m12-11 07:13:53[0m][[34mflashy.solver[0m][[32mINFO[0m] - Train | Epoch 5 | 10/15 | 0.41 it/sec | lr 1.75E-02 | grad_norm 7.026E-01 | grad_scale 65536.000 | ce 4.449 | ppl 85.534[0m
[[36m12-11 07:13:55[0m][[34mflashy.solver[0m][[32mINFO[0m] - Train | Epoch 5 | 11/15 | 0.43 it/sec | lr 1.77E-02 | grad_norm 6.391E-01 | grad_scale 65536.000 | ce 4.475 | ppl 87.836[0m
[[36m12-11 07:13:56[0m][[34mflashy.solver[0m][[32mINFO[0m] - Train | Epoch 5 | 12/15 | 0.45 it/sec | lr 1.80E-02 | grad_norm 6.656E-01 | grad_scale 65536.000 | ce 4.444 | ppl 85.129[0m
[[36m12-11 07:13:57[0m][[34mflashy.solver[0m][[32mINFO[0m] - Train | Epoch 5 | 13/15 | 0.47 it/sec | lr 1.82E-02 | grad_norm 7.090E-01 | grad_scale 65536.000 | ce 4.575 | ppl 97.059[0m
[[36m12-11 07:13:58[0m][[34mflashy.solver[0m][[32mINFO[0m] - Train | Epoch 5 | 14/15 | 0.48 it/sec | lr 1.85E-02 | grad_norm 6.649E-01 | grad_scale 65536.000 | ce 4.181 | ppl 65.460[0m
[[36m12-11 07:13:59[0m][[34mflashy.solver[0m][[32mINFO[0m] - [1mTrain Summary | Epoch 5 | lr=1.67E-02 | grad_norm=6.731E-01 | grad_scale=65536.000 | ce=4.426 | ppl=84.858 | duration=32.596[0m
[[36m12-11 07:14:14[0m][[34mflashy.solver[0m][[32mINFO[0m] - Valid | Epoch 5 | 1/3 | 0.14 it/sec | ce 4.461 | ppl 88.093[0m
[[36m12-11 07:14:14[0m][[34mflashy.solver[0m][[32mINFO[0m] - Valid | Epoch 5 | 2/3 | 0.21 it/sec | ce 3.892 | ppl 49.024[0m
[[36m12-11 07:14:14[0m][[34mflashy.solver[0m][[32mINFO[0m] - [1mValid Summary | Epoch 5 | ce=4.272 | ppl=75.070 | duration=14.639[0m
[[36m12-11 07:14:19[0m][[34mflashy.solver[0m][[32mINFO[0m] - Model hash: a74fc520764508adceece600ba811b48dbb2e26a[0m
[[36m12-11 07:14:46[0m][[34maudiocraft.utils.checkpoint[0m][[32mINFO[0m] - Checkpoint saved to /tmp/audiocraft_michaelxue/xps/f151ffd2/checkpoint.th[0m
[[36m12-11 07:15:03[0m][[34mflashy.solver[0m][[32mINFO[0m] - Train | Epoch 6 | 1/15 | 0.12 it/sec | lr 1.89E-02 | grad_norm 6.866E-01 | grad_scale 65536.000 | ce 4.366 | ppl 79.570[0m
[[36m12-11 07:15:04[0m][[34mflashy.solver[0m][[32mINFO[0m] - Train | Epoch 6 | 2/15 | 0.17 it/sec | lr 1.92E-02 | grad_norm 6.695E-01 | grad_scale 65536.000 | ce 4.490 | ppl 89.112[0m
[[36m12-11 07:15:05[0m][[34mflashy.solver[0m][[32mINFO[0m] - Train | Epoch 6 | 3/15 | 0.21 it/sec | lr 1.95E-02 | grad_norm 6.967E-01 | grad_scale 65536.000 | ce 4.368 | ppl 78.886[0m
[[36m12-11 07:15:06[0m][[34mflashy.solver[0m][[32mINFO[0m] - Train | Epoch 6 | 4/15 | 0.25 it/sec | lr 1.98E-02 | grad_norm 7.623E-01 | grad_scale 65536.000 | ce 4.041 | ppl 56.907[0m
[[36m12-11 07:15:07[0m][[34mflashy.solver[0m][[32mINFO[0m] - Train | Epoch 6 | 5/15 | 0.29 it/sec | lr 2.00E-02 | grad_norm 6.454E-01 | grad_scale 65536.000 | ce 4.538 | ppl 93.478[0m
[[36m12-11 07:15:08[0m][[34mflashy.solver[0m][[32mINFO[0m] - Train | Epoch 6 | 6/15 | 0.32 it/sec | lr 2.03E-02 | grad_norm 6.651E-01 | grad_scale 65536.000 | ce 4.077 | ppl 58.971[0m
[[36m12-11 07:15:09[0m][[34mflashy.solver[0m][[32mINFO[0m] - Train | Epoch 6 | 7/15 | 0.34 it/sec | lr 2.05E-02 | grad_norm 6.501E-01 | grad_scale 65536.000 | ce 4.484 | ppl 88.608[0m
[[36m12-11 07:15:10[0m][[34mflashy.solver[0m][[32mINFO[0m] - Train | Epoch 6 | 8/15 | 0.37 it/sec | lr 2.08E-02 | grad_norm 6.928E-01 | grad_scale 65536.000 | ce 4.306 | ppl 74.132[0m
[[36m12-11 07:15:12[0m][[34mflashy.solver[0m][[32mINFO[0m] - Train | Epoch 6 | 9/15 | 0.39 it/sec | lr 2.10E-02 | grad_norm 6.696E-01 | grad_scale 65536.000 | ce 4.061 | ppl 58.061[0m
[[36m12-11 07:15:13[0m][[34mflashy.solver[0m][[32mINFO[0m] - Train | Epoch 6 | 10/15 | 0.41 it/sec | lr 2.13E-02 | grad_norm 7.303E-01 | grad_scale 65536.000 | ce 4.351 | ppl 77.547[0m
[[36m12-11 07:15:14[0m][[34mflashy.solver[0m][[32mINFO[0m] - Train | Epoch 6 | 11/15 | 0.43 it/sec | lr 2.15E-02 | grad_norm 7.946E-01 | grad_scale 65536.000 | ce 4.107 | ppl 60.744[0m
[[36m12-11 07:15:15[0m][[34mflashy.solver[0m][[32mINFO[0m] - Train | Epoch 6 | 12/15 | 0.45 it/sec | lr 2.17E-02 | grad_norm 6.956E-01 | grad_scale 65536.000 | ce 4.369 | ppl 78.928[0m
[[36m12-11 07:15:16[0m][[34mflashy.solver[0m][[32mINFO[0m] - Train | Epoch 6 | 13/15 | 0.46 it/sec | lr 2.20E-02 | grad_norm 6.799E-01 | grad_scale 65536.000 | ce 4.520 | ppl 91.854[0m
[[36m12-11 07:15:18[0m][[34mflashy.solver[0m][[32mINFO[0m] - Train | Epoch 6 | 14/15 | 0.48 it/sec | lr 2.22E-02 | grad_norm 7.283E-01 | grad_scale 65536.000 | ce 4.156 | ppl 63.835[0m
[[36m12-11 07:15:19[0m][[34mflashy.solver[0m][[32mINFO[0m] - [1mTrain Summary | Epoch 6 | lr=2.05E-02 | grad_norm=6.969E-01 | grad_scale=65536.000 | ce=4.307 | ppl=75.347 | duration=32.888[0m
[[36m12-11 07:15:32[0m][[34mflashy.solver[0m][[32mINFO[0m] - Valid | Epoch 6 | 1/3 | 0.15 it/sec | ce 4.461 | ppl 88.093[0m
[[36m12-11 07:15:33[0m][[34mflashy.solver[0m][[32mINFO[0m] - Valid | Epoch 6 | 2/3 | 0.22 it/sec | ce 3.892 | ppl 49.024[0m
[[36m12-11 07:15:33[0m][[34mflashy.solver[0m][[32mINFO[0m] - [1mValid Summary | Epoch 6 | ce=4.272 | ppl=75.070 | duration=13.763[0m
[[36m12-11 07:15:37[0m][[34mflashy.solver[0m][[32mINFO[0m] - Model hash: 4fd4b0d65e40f0a83cb95911a8a75a5e3b00831b[0m
[[36m12-11 07:16:05[0m][[34maudiocraft.utils.checkpoint[0m][[32mINFO[0m] - Checkpoint saved to /tmp/audiocraft_michaelxue/xps/f151ffd2/checkpoint.th[0m
[[36m12-11 07:16:20[0m][[34mflashy.solver[0m][[32mINFO[0m] - Train | Epoch 7 | 1/15 | 0.13 it/sec | lr 2.26E-02 | grad_norm 7.007E-01 | grad_scale 65536.000 | ce 4.396 | ppl 82.613[0m
[[36m12-11 07:16:22[0m][[34mflashy.solver[0m][[32mINFO[0m] - Train | Epoch 7 | 2/15 | 0.18 it/sec | lr 2.30E-02 | grad_norm 6.668E-01 | grad_scale 65536.000 | ce 4.116 | ppl 61.312[0m
[[36m12-11 07:16:23[0m][[34mflashy.solver[0m][[32mINFO[0m] - Train | Epoch 7 | 3/15 | 0.23 it/sec | lr 2.32E-02 | grad_norm 6.279E-01 | grad_scale 65536.000 | ce 4.673 | ppl 107.049[0m
[[36m12-11 07:16:24[0m][[34mflashy.solver[0m][[32mINFO[0m] - Train | Epoch 7 | 4/15 | 0.27 it/sec | lr 2.35E-02 | grad_norm 6.630E-01 | grad_scale 65536.000 | ce 4.375 | ppl 79.409[0m
[[36m12-11 07:16:25[0m][[34mflashy.solver[0m][[32mINFO[0m] - Train | Epoch 7 | 5/15 | 0.31 it/sec | lr 2.38E-02 | grad_norm 7.035E-01 | grad_scale 65536.000 | ce 4.141 | ppl 62.896[0m
[[36m12-11 07:16:26[0m][[34mflashy.solver[0m][[32mINFO[0m] - Train | Epoch 7 | 6/15 | 0.34 it/sec | lr 2.40E-02 | grad_norm 7.690E-01 | grad_scale 65536.000 | ce 4.329 | ppl 75.894[0m
[[36m12-11 07:16:27[0m][[34mflashy.solver[0m][[32mINFO[0m] - Train | Epoch 7 | 7/15 | 0.37 it/sec | lr 2.43E-02 | grad_norm 6.595E-01 | grad_scale 65536.000 | ce 4.703 | ppl 110.248[0m
[[36m12-11 07:16:28[0m][[34mflashy.solver[0m][[32mINFO[0m] - Train | Epoch 7 | 8/15 | 0.39 it/sec | lr 2.45E-02 | grad_norm 6.525E-01 | grad_scale 65536.000 | ce 4.565 | ppl 96.040[0m
[[36m12-11 07:16:30[0m][[34mflashy.solver[0m][[32mINFO[0m] - Train | Epoch 7 | 9/15 | 0.41 it/sec | lr 2.48E-02 | grad_norm 6.811E-01 | grad_scale 65536.000 | ce 4.194 | ppl 66.318[0m
[[36m12-11 07:16:31[0m][[34mflashy.solver[0m][[32mINFO[0m] - Train | Epoch 7 | 10/15 | 0.43 it/sec | lr 2.50E-02 | grad_norm 7.865E-01 | grad_scale 65536.000 | ce 4.111 | ppl 60.983[0m
[[36m12-11 07:16:32[0m][[34mflashy.solver[0m][[32mINFO[0m] - Train | Epoch 7 | 11/15 | 0.45 it/sec | lr 2.53E-02 | grad_norm 6.349E-01 | grad_scale 65536.000 | ce 4.533 | ppl 93.066[0m
[[36m12-11 07:16:33[0m][[34mflashy.solver[0m][[32mINFO[0m] - Train | Epoch 7 | 12/15 | 0.47 it/sec | lr 2.55E-02 | grad_norm 6.840E-01 | grad_scale 65536.000 | ce 4.416 | ppl 82.780[0m
[[36m12-11 07:16:34[0m][[34mflashy.solver[0m][[32mINFO[0m] - Train | Epoch 7 | 13/15 | 0.48 it/sec | lr 2.57E-02 | grad_norm 7.025E-01 | grad_scale 65536.000 | ce 4.556 | ppl 95.183[0m
[[36m12-11 07:16:35[0m][[34mflashy.solver[0m][[32mINFO[0m] - Train | Epoch 7 | 14/15 | 0.50 it/sec | lr 2.60E-02 | grad_norm 7.750E-01 | grad_scale 65536.000 | ce 4.036 | ppl 56.627[0m
[[36m12-11 07:16:37[0m][[34mflashy.solver[0m][[32mINFO[0m] - [1mTrain Summary | Epoch 7 | lr=2.43E-02 | grad_norm=6.938E-01 | grad_scale=65536.000 | ce=4.369 | ppl=80.869 | duration=31.544[0m
[[36m12-11 07:16:50[0m][[34mflashy.solver[0m][[32mINFO[0m] - Valid | Epoch 7 | 1/3 | 0.15 it/sec | ce 4.461 | ppl 88.092[0m
[[36m12-11 07:16:51[0m][[34mflashy.solver[0m][[32mINFO[0m] - Valid | Epoch 7 | 2/3 | 0.22 it/sec | ce 3.892 | ppl 49.021[0m
[[36m12-11 07:16:51[0m][[34mflashy.solver[0m][[32mINFO[0m] - [1mValid Summary | Epoch 7 | ce=4.272 | ppl=75.069 | duration=13.767[0m
[[36m12-11 07:16:51[0m][[34mflashy.solver[0m][[32mINFO[0m] - New best state with ce=4.272 (was 4.272)[0m
[[36m12-11 07:16:56[0m][[34mflashy.solver[0m][[32mINFO[0m] - Model hash: 5a9563f3f9261c735aa373e4e16a92a5a32e5c59[0m
[[36m12-11 07:17:23[0m][[34maudiocraft.utils.checkpoint[0m][[32mINFO[0m] - Checkpoint saved to /tmp/audiocraft_michaelxue/xps/f151ffd2/checkpoint.th[0m
[[36m12-11 07:17:40[0m][[34mflashy.solver[0m][[32mINFO[0m] - Train | Epoch 8 | 1/15 | 0.12 it/sec | lr 2.64E-02 | grad_norm 6.690E-01 | grad_scale 65536.000 | ce 4.450 | ppl 86.075[0m
[[36m12-11 07:17:41[0m][[34mflashy.solver[0m][[32mINFO[0m] - Train | Epoch 8 | 2/15 | 0.17 it/sec | lr 2.67E-02 | grad_norm 6.974E-01 | grad_scale 65536.000 | ce 4.249 | ppl 70.065[0m
[[36m12-11 07:17:42[0m][[34mflashy.solver[0m][[32mINFO[0m] - Train | Epoch 8 | 3/15 | 0.22 it/sec | lr 2.70E-02 | grad_norm 6.899E-01 | grad_scale 65536.000 | ce 4.340 | ppl 76.675[0m
[[36m12-11 07:17:43[0m][[34mflashy.solver[0m][[32mINFO[0m] - Train | Epoch 8 | 4/15 | 0.25 it/sec | lr 2.72E-02 | grad_norm 6.309E-01 | grad_scale 65536.000 | ce 4.807 | ppl 122.306[0m
[[36m12-11 07:17:44[0m][[34mflashy.solver[0m][[32mINFO[0m] - Train | Epoch 8 | 5/15 | 0.29 it/sec | lr 2.75E-02 | grad_norm 6.672E-01 | grad_scale 65536.000 | ce 4.253 | ppl 70.309[0m
[[36m12-11 07:17:45[0m][[34mflashy.solver[0m][[32mINFO[0m] - Train | Epoch 8 | 6/15 | 0.32 it/sec | lr 2.78E-02 | grad_norm 6.898E-01 | grad_scale 65536.000 | ce 4.303 | ppl 73.925[0m
[[36m12-11 07:17:47[0m][[34mflashy.solver[0m][[32mINFO[0m] - Train | Epoch 8 | 7/15 | 0.35 it/sec | lr 2.80E-02 | grad_norm 6.722E-01 | grad_scale 65536.000 | ce 4.415 | ppl 82.718[0m
[[36m12-11 07:17:48[0m][[34mflashy.solver[0m][[32mINFO[0m] - Train | Epoch 8 | 8/15 | 0.37 it/sec | lr 2.83E-02 | grad_norm 7.219E-01 | grad_scale 65536.000 | ce 4.531 | ppl 92.898[0m
[[36m12-11 07:17:49[0m][[34mflashy.solver[0m][[32mINFO[0m] - Train | Epoch 8 | 9/15 | 0.39 it/sec | lr 2.85E-02 | grad_norm 6.678E-01 | grad_scale 65536.000 | ce 4.487 | ppl 88.892[0m
[[36m12-11 07:17:50[0m][[34mflashy.solver[0m][[32mINFO[0m] - Train | Epoch 8 | 10/15 | 0.41 it/sec | lr 2.88E-02 | grad_norm 7.231E-01 | grad_scale 65536.000 | ce 4.395 | ppl 81.013[0m
[[36m12-11 07:17:51[0m][[34mflashy.solver[0m][[32mINFO[0m] - Train | Epoch 8 | 11/15 | 0.43 it/sec | lr 2.90E-02 | grad_norm 6.485E-01 | grad_scale 65536.000 | ce 4.526 | ppl 92.428[0m
[[36m12-11 07:17:53[0m][[34mflashy.solver[0m][[32mINFO[0m] - Train | Epoch 8 | 12/15 | 0.45 it/sec | lr 2.93E-02 | grad_norm 6.866E-01 | grad_scale 65536.000 | ce 4.493 | ppl 89.356[0m
[[36m12-11 07:17:54[0m][[34mflashy.solver[0m][[32mINFO[0m] - Train | Epoch 8 | 13/15 | 0.46 it/sec | lr 2.95E-02 | grad_norm 6.428E-01 | grad_scale 65536.000 | ce 4.684 | ppl 108.186[0m
[[36m12-11 07:17:55[0m][[34mflashy.solver[0m][[32mINFO[0m] - Train | Epoch 8 | 14/15 | 0.48 it/sec | lr 2.97E-02 | grad_norm 6.634E-01 | grad_scale 65536.000 | ce 4.590 | ppl 98.523[0m
[[36m12-11 07:17:56[0m][[34mflashy.solver[0m][[32mINFO[0m] - [1mTrain Summary | Epoch 8 | lr=2.80E-02 | grad_norm=6.760E-01 | grad_scale=65536.000 | ce=4.465 | ppl=87.963 | duration=32.740[0m
[[36m12-11 07:18:10[0m][[34mflashy.solver[0m][[32mINFO[0m] - Valid | Epoch 8 | 1/3 | 0.14 it/sec | ce 4.461 | ppl 88.095[0m
[[36m12-11 07:18:11[0m][[34mflashy.solver[0m][[32mINFO[0m] - Valid | Epoch 8 | 2/3 | 0.21 it/sec | ce 3.892 | ppl 49.020[0m
[[36m12-11 07:18:11[0m][[34mflashy.solver[0m][[32mINFO[0m] - [1mValid Summary | Epoch 8 | ce=4.272 | ppl=75.070 | duration=14.574[0m
[[36m12-11 07:18:15[0m][[34mflashy.solver[0m][[32mINFO[0m] - Model hash: ffa509fee4c784e6371b9d239d41ea821f54300e[0m
[[36m12-11 07:18:43[0m][[34maudiocraft.utils.checkpoint[0m][[32mINFO[0m] - Checkpoint saved to /tmp/audiocraft_michaelxue/xps/f151ffd2/checkpoint.th[0m
[[36m12-11 07:18:59[0m][[34mflashy.solver[0m][[32mINFO[0m] - Train | Epoch 9 | 1/15 | 0.13 it/sec | lr 3.01E-02 | grad_norm 6.577E-01 | grad_scale 65536.000 | ce 4.415 | ppl 88.972[0m
[[36m12-11 07:19:00[0m][[34mflashy.solver[0m][[32mINFO[0m] - Train | Epoch 9 | 2/15 | 0.18 it/sec | lr 3.05E-02 | grad_norm 7.739E-01 | grad_scale 65536.000 | ce 4.235 | ppl 69.069[0m
[[36m12-11 07:19:01[0m][[34mflashy.solver[0m][[32mINFO[0m] - Train | Epoch 9 | 3/15 | 0.23 it/sec | lr 3.07E-02 | grad_norm 6.591E-01 | grad_scale 65536.000 | ce 3.910 | ppl 49.909[0m
[[36m12-11 07:19:02[0m][[34mflashy.solver[0m][[32mINFO[0m] - Train | Epoch 9 | 4/15 | 0.27 it/sec | lr 3.10E-02 | grad_norm 6.453E-01 | grad_scale 65536.000 | ce 4.550 | ppl 94.666[0m
[[36m12-11 07:19:03[0m][[34mflashy.solver[0m][[32mINFO[0m] - Train | Epoch 9 | 5/15 | 0.30 it/sec | lr 3.12E-02 | grad_norm 6.820E-01 | grad_scale 65536.000 | ce 4.251 | ppl 70.171[0m
[[36m12-11 07:19:04[0m][[34mflashy.solver[0m][[32mINFO[0m] - Train | Epoch 9 | 6/15 | 0.33 it/sec | lr 3.15E-02 | grad_norm 8.176E-01 | grad_scale 65536.000 | ce 3.855 | ppl 47.227[0m
[[36m12-11 07:19:05[0m][[34mflashy.solver[0m][[32mINFO[0m] - Train | Epoch 9 | 7/15 | 0.36 it/sec | lr 3.18E-02 | grad_norm 6.966E-01 | grad_scale 65536.000 | ce 4.605 | ppl 99.955[0m
[[36m12-11 07:19:07[0m][[34mflashy.solver[0m][[32mINFO[0m] - Train | Epoch 9 | 8/15 | 0.39 it/sec | lr 3.20E-02 | grad_norm 6.491E-01 | grad_scale 65536.000 | ce 4.406 | ppl 81.963[0m
[[36m12-11 07:19:08[0m][[34mflashy.solver[0m][[32mINFO[0m] - Train | Epoch 9 | 9/15 | 0.41 it/sec | lr 3.23E-02 | grad_norm 7.641E-01 | grad_scale 65536.000 | ce 4.109 | ppl 60.885[0m
[[36m12-11 07:19:09[0m][[34mflashy.solver[0m][[32mINFO[0m] - Train | Epoch 9 | 10/15 | 0.43 it/sec | lr 3.25E-02 | grad_norm 6.304E-01 | grad_scale 65536.000 | ce 4.819 | ppl 123.805[0m
[[36m12-11 07:19:10[0m][[34mflashy.solver[0m][[32mINFO[0m] - Train | Epoch 9 | 11/15 | 0.45 it/sec | lr 3.28E-02 | grad_norm 6.335E-01 | grad_scale 65536.000 | ce 4.708 | ppl 110.842[0m
[[36m12-11 07:19:11[0m][[34mflashy.solver[0m][[32mINFO[0m] - Train | Epoch 9 | 12/15 | 0.46 it/sec | lr 3.30E-02 | grad_norm 7.020E-01 | grad_scale 65536.000 | ce 4.542 | ppl 93.896[0m
[[36m12-11 07:19:13[0m][[34mflashy.solver[0m][[32mINFO[0m] - Train | Epoch 9 | 13/15 | 0.48 it/sec | lr 3.33E-02 | grad_norm 7.427E-01 | grad_scale 65536.000 | ce 4.283 | ppl 72.467[0m
[[36m12-11 07:19:14[0m][[34mflashy.solver[0m][[32mINFO[0m] - Train | Epoch 9 | 14/15 | 0.49 it/sec | lr 3.35E-02 | grad_norm 7.181E-01 | grad_scale 65536.000 | ce 4.472 | ppl 87.512[0m
[[36m12-11 07:19:15[0m][[34mflashy.solver[0m][[32mINFO[0m] - [1mTrain Summary | Epoch 9 | lr=3.17E-02 | grad_norm=6.953E-01 | grad_scale=65536.000 | ce=4.372 | ppl=82.688 | duration=31.769[0m
[[36m12-11 07:19:28[0m][[34mflashy.solver[0m][[32mINFO[0m] - Valid | Epoch 9 | 1/3 | 0.15 it/sec | ce 4.461 | ppl 88.093[0m
[[36m12-11 07:19:29[0m][[34mflashy.solver[0m][[32mINFO[0m] - Valid | Epoch 9 | 2/3 | 0.22 it/sec | ce 3.892 | ppl 49.021[0m
[[36m12-11 07:19:29[0m][[34mflashy.solver[0m][[32mINFO[0m] - [1mValid Summary | Epoch 9 | ce=4.272 | ppl=75.069 | duration=13.649[0m
[[36m12-11 07:19:33[0m][[34mflashy.solver[0m][[32mINFO[0m] - Model hash: d221826cb29c1e427f9984544c653368a0c003fc[0m
[[36m12-11 07:20:00[0m][[34maudiocraft.utils.checkpoint[0m][[32mINFO[0m] - Checkpoint saved to /tmp/audiocraft_michaelxue/xps/f151ffd2/checkpoint.th[0m
[[36m12-11 07:20:17[0m][[34mflashy.solver[0m][[32mINFO[0m] - Train | Epoch 10 | 1/15 | 0.12 it/sec | lr 3.39E-02 | grad_norm 7.043E-01 | grad_scale 65536.000 | ce 4.258 | ppl 70.819[0m
[[36m12-11 07:20:18[0m][[34mflashy.solver[0m][[32mINFO[0m] - Train | Epoch 10 | 2/15 | 0.17 it/sec | lr 3.43E-02 | grad_norm 7.414E-01 | grad_scale 65536.000 | ce 4.217 | ppl 67.805[0m
[[36m12-11 07:20:20[0m][[34mflashy.solver[0m][[32mINFO[0m] - Train | Epoch 10 | 3/15 | 0.21 it/sec | lr 3.45E-02 | grad_norm 7.174E-01 | grad_scale 65536.000 | ce 4.245 | ppl 69.752[0m
[[36m12-11 07:20:21[0m][[34mflashy.solver[0m][[32mINFO[0m] - Train | Epoch 10 | 4/15 | 0.25 it/sec | lr 3.48E-02 | grad_norm 7.066E-01 | grad_scale 65536.000 | ce 4.313 | ppl 74.660[0m
[[36m12-11 07:20:22[0m][[34mflashy.solver[0m][[32mINFO[0m] - Train | Epoch 10 | 5/15 | 0.28 it/sec | lr 3.50E-02 | grad_norm 6.863E-01 | grad_scale 65536.000 | ce 4.321 | ppl 75.268[0m
[[36m12-11 07:20:23[0m][[34mflashy.solver[0m][[32mINFO[0m] - Train | Epoch 10 | 6/15 | 0.32 it/sec | lr 3.52E-02 | grad_norm 7.978E-01 | grad_scale 65536.000 | ce 4.232 | ppl 68.859[0m
[[36m12-11 07:20:24[0m][[34mflashy.solver[0m][[32mINFO[0m] - Train | Epoch 10 | 7/15 | 0.34 it/sec | lr 3.55E-02 | grad_norm 7.328E-01 | grad_scale 65536.000 | ce 4.164 | ppl 64.343[0m
[[36m12-11 07:20:25[0m][[34mflashy.solver[0m][[32mINFO[0m] - Train | Epoch 10 | 8/15 | 0.37 it/sec | lr 3.57E-02 | grad_norm 6.676E-01 | grad_scale 65536.000 | ce 4.471 | ppl 87.430[0m
[[36m12-11 07:20:27[0m][[34mflashy.solver[0m][[32mINFO[0m] - Train | Epoch 10 | 9/15 | 0.39 it/sec | lr 3.60E-02 | grad_norm 6.871E-01 | grad_scale 65536.000 | ce 4.383 | ppl 80.055[0m
[[36m12-11 07:20:28[0m][[34mflashy.solver[0m][[32mINFO[0m] - Train | Epoch 10 | 10/15 | 0.41 it/sec | lr 3.62E-02 | grad_norm 7.198E-01 | grad_scale 65536.000 | ce 4.172 | ppl 64.853[0m
[[36m12-11 07:20:29[0m][[34mflashy.solver[0m][[32mINFO[0m] - Train | Epoch 10 | 11/15 | 0.43 it/sec | lr 3.65E-02 | grad_norm 6.464E-01 | grad_scale 65536.000 | ce 4.785 | ppl 119.705[0m
[[36m12-11 07:20:30[0m][[34mflashy.solver[0m][[32mINFO[0m] - Train | Epoch 10 | 12/15 | 0.44 it/sec | lr 3.67E-02 | grad_norm 6.761E-01 | grad_scale 65536.000 | ce 4.251 | ppl 70.168[0m
[[36m12-11 07:20:31[0m][[34mflashy.solver[0m][[32mINFO[0m] - Train | Epoch 10 | 13/15 | 0.46 it/sec | lr 3.70E-02 | grad_norm 6.896E-01 | grad_scale 65536.000 | ce 4.224 | ppl 68.276[0m
[[36m12-11 07:20:32[0m][[34mflashy.solver[0m][[32mINFO[0m] - Train | Epoch 10 | 14/15 | 0.48 it/sec | lr 3.72E-02 | grad_norm 6.142E-01 | grad_scale 65536.000 | ce 4.677 | ppl 107.497[0m
[[36m12-11 07:20:33[0m][[34mflashy.solver[0m][[32mINFO[0m] - [1mTrain Summary | Epoch 10 | lr=3.55E-02 | grad_norm=6.994E-01 | grad_scale=65536.000 | ce=4.331 | ppl=77.354 | duration=32.892[0m
[[36m12-11 07:20:47[0m][[34mflashy.solver[0m][[32mINFO[0m] - Valid | Epoch 10 | 1/3 | 0.15 it/sec | ce 4.461 | ppl 88.091[0m
[[36m12-11 07:20:47[0m][[34mflashy.solver[0m][[32mINFO[0m] - Valid | Epoch 10 | 2/3 | 0.22 it/sec | ce 3.892 | ppl 49.022[0m
[[36m12-11 07:20:47[0m][[34mflashy.solver[0m][[32mINFO[0m] - [1mValid Summary | Epoch 10 | ce=4.272 | ppl=75.068 | duration=13.689[0m
[[36m12-11 07:20:47[0m][[34mflashy.solver[0m][[32mINFO[0m] - New best state with ce=4.272 (was 4.272)[0m
[[36m12-11 07:20:51[0m][[34mtimm.models.helpers[0m][[32mINFO[0m] - Loading pretrained weights from url (https://github.com/kkoutini/PaSST/releases/download/v0.0.5/passt-s-f128-20sec-p16-s10-ap.474-swa.pt)[0m
[[36m12-11 07:20:51[0m][[34mtimm.models.helpers[0m][[32mINFO[0m] - Converted input conv patch_embed.proj pretrained weights from 3 to 1 channel(s)[0m
[[36m12-11 07:20:52[0m][[34mflashy.solver[0m][[32mINFO[0m] - Computing evaluation metrics on 10 samples[0m
[[36m12-11 07:23:31[0m][[34mflashy.solver[0m][[32mINFO[0m] - Evaluate_generation inference | Epoch 10 | 1/3 | 79.5 sec/it[0m
[[36m12-11 07:24:42[0m][[34mflashy.solver[0m][[32mINFO[0m] - Evaluate_generation inference | Epoch 10 | 2/3 | 76.8 sec/it[0m
[[36m12-11 07:24:42[0m][[34maudiocraft.metrics.kld[0m][[32mINFO[0m] - Computing KL divergence on a total of 20.0 samples[0m
[[36m12-11 07:24:42[0m][[34mflashy.solver[0m][[32mINFO[0m] - [1mEvaluate Summary | Epoch 10 | kld=0.782 | kld_pq=0.782 | kld_qp=0.975 | kld_both=1.757 | chroma_cosine=0.093 | duration=232.755[0m
[[36m12-11 07:24:42[0m][[34mflashy.solver[0m][[32mINFO[0m] - Generating samples in /tmp/audiocraft_michaelxue/xps/f151ffd2/samples[0m
[[36m12-11 07:26:58[0m][[34mflashy.solver[0m][[32mINFO[0m] - [1mGenerate Summary | Epoch 10 | rtf=2.352 | duration=135.585[0m
[[36m12-11 07:27:01[0m][[34mflashy.solver[0m][[32mINFO[0m] - Model hash: 0b35c7e8f3930056d74a15fbff47273bf2efdbba[0m
[[36m12-11 07:27:29[0m][[34maudiocraft.utils.checkpoint[0m][[32mINFO[0m] - Checkpoint saved to /tmp/audiocraft_michaelxue/xps/f151ffd2/checkpoint.th[0m
